{"C:\\Users\\User\\Desktop\\gif-picker\\lib\\js\\actions\\formActions.js": {"path":"C:\\Users\\User\\Desktop\\gif-picker\\lib\\js\\actions\\formActions.js","statementMap":{"0":{"start":{"line":5,"column":24},"end":{"line":8,"column":2}},"1":{"start":{"line":5,"column":47},"end":{"line":8,"column":1}},"2":{"start":{"line":10,"column":31},"end":{"line":13,"column":2}},"3":{"start":{"line":10,"column":61},"end":{"line":13,"column":1}},"4":{"start":{"line":15,"column":32},"end":{"line":17,"column":2}},"5":{"start":{"line":15,"column":39},"end":{"line":17,"column":1}},"6":{"start":{"line":19,"column":30},"end":{"line":33,"column":1}},"7":{"start":{"line":19,"column":36},"end":{"line":33,"column":1}},"8":{"start":{"line":23,"column":2},"end":{"line":32,"column":13}},"9":{"start":{"line":30,"column":6},"end":{"line":30,"column":55}}},"fnMap":{"0":{"name":"(anonymous_0)","decl":{"start":{"line":5,"column":24},"end":{"line":5,"column":25}},"loc":{"start":{"line":5,"column":47},"end":{"line":8,"column":1}},"line":5},"1":{"name":"(anonymous_1)","decl":{"start":{"line":10,"column":31},"end":{"line":10,"column":32}},"loc":{"start":{"line":10,"column":61},"end":{"line":13,"column":1}},"line":10},"2":{"name":"(anonymous_2)","decl":{"start":{"line":15,"column":32},"end":{"line":15,"column":33}},"loc":{"start":{"line":15,"column":39},"end":{"line":17,"column":1}},"line":15},"3":{"name":"(anonymous_3)","decl":{"start":{"line":19,"column":30},"end":{"line":19,"column":31}},"loc":{"start":{"line":19,"column":36},"end":{"line":33,"column":1}},"line":19},"4":{"name":"(anonymous_4)","decl":{"start":{"line":19,"column":36},"end":{"line":19,"column":37}},"loc":{"start":{"line":22,"column":5},"end":{"line":33,"column":1}},"line":22},"5":{"name":"(anonymous_5)","decl":{"start":{"line":29,"column":10},"end":{"line":29,"column":11}},"loc":{"start":{"line":29,"column":22},"end":{"line":31,"column":5}},"line":29}},"branchMap":{},"s":{"0":3,"1":3,"2":3,"3":0,"4":3,"5":1,"6":3,"7":2,"8":0,"9":0},"f":{"0":3,"1":0,"2":1,"3":2,"4":0,"5":0},"b":{},"_coverageSchema":"43e27e138ebf9cfc5966b082cf9a028302ed4184","hash":"b4c18b2b19c4da10b8ea4fbe2f88f234fa82cda0"}
,"C:\\Users\\User\\Desktop\\gif-picker\\lib\\js\\actions\\resultActions.js": {"path":"C:\\Users\\User\\Desktop\\gif-picker\\lib\\js\\actions\\resultActions.js","statementMap":{"0":{"start":{"line":5,"column":24},"end":{"line":8,"column":2}},"1":{"start":{"line":5,"column":57},"end":{"line":8,"column":1}},"2":{"start":{"line":10,"column":23},"end":{"line":21,"column":1}},"3":{"start":{"line":10,"column":29},"end":{"line":21,"column":1}},"4":{"start":{"line":11,"column":2},"end":{"line":20,"column":13}},"5":{"start":{"line":18,"column":6},"end":{"line":18,"column":48}},"6":{"start":{"line":23,"column":25},"end":{"line":25,"column":2}},"7":{"start":{"line":23,"column":32},"end":{"line":25,"column":1}},"8":{"start":{"line":27,"column":25},"end":{"line":30,"column":2}},"9":{"start":{"line":27,"column":43},"end":{"line":30,"column":1}}},"fnMap":{"0":{"name":"(anonymous_0)","decl":{"start":{"line":5,"column":24},"end":{"line":5,"column":25}},"loc":{"start":{"line":5,"column":57},"end":{"line":8,"column":1}},"line":5},"1":{"name":"(anonymous_1)","decl":{"start":{"line":10,"column":23},"end":{"line":10,"column":24}},"loc":{"start":{"line":10,"column":29},"end":{"line":21,"column":1}},"line":10},"2":{"name":"(anonymous_2)","decl":{"start":{"line":10,"column":29},"end":{"line":10,"column":30}},"loc":{"start":{"line":10,"column":73},"end":{"line":21,"column":1}},"line":10},"3":{"name":"(anonymous_3)","decl":{"start":{"line":17,"column":10},"end":{"line":17,"column":11}},"loc":{"start":{"line":17,"column":22},"end":{"line":19,"column":5}},"line":17},"4":{"name":"(anonymous_4)","decl":{"start":{"line":23,"column":25},"end":{"line":23,"column":26}},"loc":{"start":{"line":23,"column":32},"end":{"line":25,"column":1}},"line":23},"5":{"name":"(anonymous_5)","decl":{"start":{"line":27,"column":25},"end":{"line":27,"column":26}},"loc":{"start":{"line":27,"column":43},"end":{"line":30,"column":1}},"line":27}},"branchMap":{},"s":{"0":4,"1":0,"2":4,"3":2,"4":0,"5":0,"6":4,"7":1,"8":4,"9":2},"f":{"0":0,"1":2,"2":0,"3":0,"4":1,"5":2},"b":{},"_coverageSchema":"43e27e138ebf9cfc5966b082cf9a028302ed4184","hash":"af8adda316d8a2b2a8419f11de8b19d8cee8d3de"}
,"C:\\Users\\User\\Desktop\\gif-picker\\lib\\js\\actions\\types.js": {"path":"C:\\Users\\User\\Desktop\\gif-picker\\lib\\js\\actions\\types.js","statementMap":{"0":{"start":{"line":2,"column":32},"end":{"line":2,"column":42}},"1":{"start":{"line":3,"column":33},"end":{"line":3,"column":44}},"2":{"start":{"line":4,"column":40},"end":{"line":4,"column":58}},"3":{"start":{"line":5,"column":41},"end":{"line":5,"column":60}},"4":{"start":{"line":6,"column":33},"end":{"line":6,"column":44}},"5":{"start":{"line":7,"column":34},"end":{"line":7,"column":46}},"6":{"start":{"line":8,"column":34},"end":{"line":8,"column":46}}},"fnMap":{},"branchMap":{},"s":{"0":4,"1":4,"2":4,"3":4,"4":4,"5":4,"6":4},"f":{},"b":{},"_coverageSchema":"43e27e138ebf9cfc5966b082cf9a028302ed4184","hash":"27382df854c498c1f59e7c4332db79d630b0e550"}
,"C:\\Users\\User\\Desktop\\gif-picker\\lib\\js\\components\\ChosenGif.js": {"path":"C:\\Users\\User\\Desktop\\gif-picker\\lib\\js\\components\\ChosenGif.js","statementMap":{"0":{"start":{"line":13,"column":33},"end":{"line":13,"column":43}},"1":{"start":{"line":15,"column":4},"end":{"line":27,"column":6}},"2":{"start":{"line":31,"column":31},"end":{"line":33,"column":2}},"3":{"start":{"line":31,"column":41},"end":{"line":33,"column":1}},"4":{"start":{"line":34,"column":34},"end":{"line":39,"column":2}},"5":{"start":{"line":34,"column":47},"end":{"line":39,"column":1}},"6":{"start":{"line":36,"column":4},"end":{"line":36,"column":23}},"7":{"start":{"line":37,"column":4},"end":{"line":37,"column":28}}},"fnMap":{"0":{"name":"(anonymous_0)","decl":{"start":{"line":12,"column":2},"end":{"line":12,"column":3}},"loc":{"start":{"line":12,"column":11},"end":{"line":28,"column":3}},"line":12},"1":{"name":"(anonymous_1)","decl":{"start":{"line":31,"column":31},"end":{"line":31,"column":32}},"loc":{"start":{"line":31,"column":41},"end":{"line":33,"column":1}},"line":31},"2":{"name":"(anonymous_2)","decl":{"start":{"line":34,"column":34},"end":{"line":34,"column":35}},"loc":{"start":{"line":34,"column":47},"end":{"line":39,"column":1}},"line":34},"3":{"name":"(anonymous_3)","decl":{"start":{"line":35,"column":15},"end":{"line":35,"column":16}},"loc":{"start":{"line":35,"column":20},"end":{"line":38,"column":3}},"line":35}},"branchMap":{"0":{"loc":{"start":{"line":17,"column":9},"end":{"line":25,"column":9}},"type":"cond-expr","locations":[{"start":{"line":18,"column":10},"end":{"line":22,"column":16}},{"start":{"line":24,"column":10},"end":{"line":24,"column":15}}],"line":17}},"s":{"0":4,"1":4,"2":1,"3":1,"4":1,"5":1,"6":1,"7":1},"f":{"0":4,"1":1,"2":1,"3":1},"b":{"0":[4,0]},"_coverageSchema":"43e27e138ebf9cfc5966b082cf9a028302ed4184","hash":"554482ebab051b9313b72ce1b720977b823be39a"}
,"C:\\Users\\User\\Desktop\\gif-picker\\lib\\js\\components\\Results.js": {"path":"C:\\Users\\User\\Desktop\\gif-picker\\lib\\js\\components\\Results.js","statementMap":{"0":{"start":{"line":15,"column":35},"end":{"line":15,"column":45}},"1":{"start":{"line":16,"column":4},"end":{"line":40,"column":6}},"2":{"start":{"line":21,"column":14},"end":{"line":33,"column":20}},"3":{"start":{"line":43,"column":31},"end":{"line":45,"column":2}},"4":{"start":{"line":43,"column":41},"end":{"line":45,"column":1}},"5":{"start":{"line":46,"column":34},"end":{"line":54,"column":2}},"6":{"start":{"line":46,"column":47},"end":{"line":54,"column":1}},"7":{"start":{"line":48,"column":4},"end":{"line":48,"column":23}},"8":{"start":{"line":49,"column":4},"end":{"line":49,"column":33}},"9":{"start":{"line":50,"column":4},"end":{"line":50,"column":26}},"10":{"start":{"line":51,"column":4},"end":{"line":51,"column":27}},"11":{"start":{"line":52,"column":4},"end":{"line":52,"column":46}}},"fnMap":{"0":{"name":"(anonymous_0)","decl":{"start":{"line":14,"column":2},"end":{"line":14,"column":3}},"loc":{"start":{"line":14,"column":11},"end":{"line":41,"column":3}},"line":14},"1":{"name":"(anonymous_1)","decl":{"start":{"line":20,"column":25},"end":{"line":20,"column":26}},"loc":{"start":{"line":21,"column":14},"end":{"line":33,"column":20}},"line":21},"2":{"name":"(anonymous_2)","decl":{"start":{"line":43,"column":31},"end":{"line":43,"column":32}},"loc":{"start":{"line":43,"column":41},"end":{"line":45,"column":1}},"line":43},"3":{"name":"(anonymous_3)","decl":{"start":{"line":46,"column":34},"end":{"line":46,"column":35}},"loc":{"start":{"line":46,"column":47},"end":{"line":54,"column":1}},"line":46},"4":{"name":"(anonymous_4)","decl":{"start":{"line":47,"column":13},"end":{"line":47,"column":14}},"loc":{"start":{"line":47,"column":18},"end":{"line":53,"column":3}},"line":47}},"branchMap":{"0":{"loc":{"start":{"line":18,"column":9},"end":{"line":38,"column":9}},"type":"cond-expr","locations":[{"start":{"line":19,"column":10},"end":{"line":35,"column":16}},{"start":{"line":37,"column":10},"end":{"line":37,"column":21}}],"line":18}},"s":{"0":2,"1":2,"2":6,"3":1,"4":1,"5":1,"6":1,"7":1,"8":1,"9":1,"10":1,"11":1},"f":{"0":2,"1":6,"2":1,"3":1,"4":1},"b":{"0":[2,0]},"_coverageSchema":"43e27e138ebf9cfc5966b082cf9a028302ed4184","hash":"f35c8f8940dbf901d9a5d7caf0cc48788a1fc4fa"}
,"C:\\Users\\User\\Desktop\\gif-picker\\lib\\js\\components\\SearchForm.js": {"path":"C:\\Users\\User\\Desktop\\gif-picker\\lib\\js\\components\\SearchForm.js","statementMap":{"0":{"start":{"line":21,"column":66},"end":{"line":21,"column":76}},"1":{"start":{"line":22,"column":4},"end":{"line":37,"column":6}},"2":{"start":{"line":40,"column":31},"end":{"line":44,"column":2}},"3":{"start":{"line":40,"column":41},"end":{"line":44,"column":1}},"4":{"start":{"line":45,"column":34},"end":{"line":59,"column":2}},"5":{"start":{"line":45,"column":47},"end":{"line":59,"column":1}},"6":{"start":{"line":47,"column":22},"end":{"line":47,"column":30}},"7":{"start":{"line":48,"column":4},"end":{"line":48,"column":30}},"8":{"start":{"line":49,"column":4},"end":{"line":53,"column":5}},"9":{"start":{"line":50,"column":6},"end":{"line":50,"column":33}},"10":{"start":{"line":52,"column":6},"end":{"line":52,"column":35}},"11":{"start":{"line":56,"column":4},"end":{"line":56,"column":23}},"12":{"start":{"line":57,"column":4},"end":{"line":57,"column":24}}},"fnMap":{"0":{"name":"(anonymous_0)","decl":{"start":{"line":20,"column":2},"end":{"line":20,"column":3}},"loc":{"start":{"line":20,"column":11},"end":{"line":38,"column":3}},"line":20},"1":{"name":"(anonymous_1)","decl":{"start":{"line":40,"column":31},"end":{"line":40,"column":32}},"loc":{"start":{"line":40,"column":41},"end":{"line":44,"column":1}},"line":40},"2":{"name":"(anonymous_2)","decl":{"start":{"line":45,"column":34},"end":{"line":45,"column":35}},"loc":{"start":{"line":45,"column":47},"end":{"line":59,"column":1}},"line":45},"3":{"name":"(anonymous_3)","decl":{"start":{"line":46,"column":17},"end":{"line":46,"column":18}},"loc":{"start":{"line":46,"column":22},"end":{"line":54,"column":3}},"line":46},"4":{"name":"(anonymous_4)","decl":{"start":{"line":55,"column":18},"end":{"line":55,"column":19}},"loc":{"start":{"line":55,"column":23},"end":{"line":58,"column":3}},"line":55}},"branchMap":{"0":{"loc":{"start":{"line":24,"column":9},"end":{"line":35,"column":9}},"type":"binary-expr","locations":[{"start":{"line":24,"column":9},"end":{"line":24,"column":22}},{"start":{"line":25,"column":10},"end":{"line":34,"column":17}}],"line":24},"1":{"loc":{"start":{"line":49,"column":4},"end":{"line":53,"column":5}},"type":"if","locations":[{"start":{"line":49,"column":4},"end":{"line":53,"column":5}},{"start":{"line":49,"column":4},"end":{"line":53,"column":5}}],"line":49}},"s":{"0":3,"1":3,"2":1,"3":1,"4":1,"5":2,"6":1,"7":1,"8":1,"9":1,"10":0,"11":1,"12":1},"f":{"0":3,"1":1,"2":2,"3":1,"4":1},"b":{"0":[3,2],"1":[1,0]},"_coverageSchema":"43e27e138ebf9cfc5966b082cf9a028302ed4184","hash":"734293f557730294bdb77d9c922a8017876260bc"}
,"C:\\Users\\User\\Desktop\\gif-picker\\lib\\js\\components\\Suggestions.js": {"path":"C:\\Users\\User\\Desktop\\gif-picker\\lib\\js\\components\\Suggestions.js","statementMap":{"0":{"start":{"line":16,"column":46},"end":{"line":16,"column":56}},"1":{"start":{"line":18,"column":4},"end":{"line":46,"column":6}},"2":{"start":{"line":23,"column":34},"end":{"line":28,"column":15}},"3":{"start":{"line":29,"column":14},"end":{"line":39,"column":16}},"4":{"start":{"line":49,"column":31},"end":{"line":51,"column":2}},"5":{"start":{"line":49,"column":41},"end":{"line":51,"column":1}},"6":{"start":{"line":52,"column":34},"end":{"line":58,"column":2}},"7":{"start":{"line":52,"column":47},"end":{"line":58,"column":1}},"8":{"start":{"line":54,"column":4},"end":{"line":54,"column":43}},"9":{"start":{"line":55,"column":4},"end":{"line":55,"column":31}},"10":{"start":{"line":56,"column":4},"end":{"line":56,"column":24}}},"fnMap":{"0":{"name":"(anonymous_0)","decl":{"start":{"line":15,"column":2},"end":{"line":15,"column":3}},"loc":{"start":{"line":15,"column":11},"end":{"line":47,"column":3}},"line":15},"1":{"name":"(anonymous_1)","decl":{"start":{"line":22,"column":29},"end":{"line":22,"column":30}},"loc":{"start":{"line":22,"column":40},"end":{"line":40,"column":13}},"line":22},"2":{"name":"(anonymous_2)","decl":{"start":{"line":49,"column":31},"end":{"line":49,"column":32}},"loc":{"start":{"line":49,"column":41},"end":{"line":51,"column":1}},"line":49},"3":{"name":"(anonymous_3)","decl":{"start":{"line":52,"column":34},"end":{"line":52,"column":35}},"loc":{"start":{"line":52,"column":47},"end":{"line":58,"column":1}},"line":52},"4":{"name":"(anonymous_4)","decl":{"start":{"line":53,"column":20},"end":{"line":53,"column":21}},"loc":{"start":{"line":53,"column":25},"end":{"line":57,"column":3}},"line":53}},"branchMap":{"0":{"loc":{"start":{"line":20,"column":9},"end":{"line":44,"column":9}},"type":"cond-expr","locations":[{"start":{"line":21,"column":10},"end":{"line":41,"column":16}},{"start":{"line":43,"column":10},"end":{"line":43,"column":21}}],"line":20}},"s":{"0":2,"1":2,"2":4,"3":4,"4":1,"5":1,"6":1,"7":1,"8":1,"9":1,"10":1},"f":{"0":2,"1":4,"2":1,"3":1,"4":1},"b":{"0":[2,0]},"_coverageSchema":"43e27e138ebf9cfc5966b082cf9a028302ed4184","hash":"14d3ab211ae2cb06f8b902f8ba6af2bc39715125"}
}
