{"C:\\Users\\User\\Desktop\\gif-picker\\lib\\js\\actions\\formActions.js": {"path":"C:\\Users\\User\\Desktop\\gif-picker\\lib\\js\\actions\\formActions.js","statementMap":{"0":{"start":{"line":4,"column":24},"end":{"line":7,"column":2}},"1":{"start":{"line":4,"column":47},"end":{"line":7,"column":1}},"2":{"start":{"line":9,"column":31},"end":{"line":12,"column":2}},"3":{"start":{"line":9,"column":61},"end":{"line":12,"column":1}},"4":{"start":{"line":14,"column":32},"end":{"line":16,"column":2}},"5":{"start":{"line":14,"column":39},"end":{"line":16,"column":1}},"6":{"start":{"line":18,"column":30},"end":{"line":28,"column":12}},"7":{"start":{"line":18,"column":36},"end":{"line":28,"column":12}},"8":{"start":{"line":19,"column":2},"end":{"line":28,"column":12}},"9":{"start":{"line":26,"column":6},"end":{"line":26,"column":55}}},"fnMap":{"0":{"name":"(anonymous_0)","decl":{"start":{"line":4,"column":24},"end":{"line":4,"column":25}},"loc":{"start":{"line":4,"column":47},"end":{"line":7,"column":1}},"line":4},"1":{"name":"(anonymous_1)","decl":{"start":{"line":9,"column":31},"end":{"line":9,"column":32}},"loc":{"start":{"line":9,"column":61},"end":{"line":12,"column":1}},"line":9},"2":{"name":"(anonymous_2)","decl":{"start":{"line":14,"column":32},"end":{"line":14,"column":33}},"loc":{"start":{"line":14,"column":39},"end":{"line":16,"column":1}},"line":14},"3":{"name":"(anonymous_3)","decl":{"start":{"line":18,"column":30},"end":{"line":18,"column":31}},"loc":{"start":{"line":18,"column":36},"end":{"line":28,"column":12}},"line":18},"4":{"name":"(anonymous_4)","decl":{"start":{"line":18,"column":36},"end":{"line":18,"column":37}},"loc":{"start":{"line":19,"column":2},"end":{"line":28,"column":12}},"line":19},"5":{"name":"(anonymous_5)","decl":{"start":{"line":25,"column":10},"end":{"line":25,"column":11}},"loc":{"start":{"line":25,"column":22},"end":{"line":27,"column":5}},"line":25}},"branchMap":{},"s":{"0":4,"1":5,"2":4,"3":2,"4":4,"5":3,"6":4,"7":3,"8":1,"9":1},"f":{"0":5,"1":2,"2":3,"3":3,"4":1,"5":1},"b":{},"_coverageSchema":"43e27e138ebf9cfc5966b082cf9a028302ed4184","hash":"eae6769bdb6d6f7bda044ac765addc71916032e3"}
,"C:\\Users\\User\\Desktop\\gif-picker\\lib\\js\\actions\\resultActions.js": {"path":"C:\\Users\\User\\Desktop\\gif-picker\\lib\\js\\actions\\resultActions.js","statementMap":{"0":{"start":{"line":5,"column":24},"end":{"line":8,"column":2}},"1":{"start":{"line":5,"column":57},"end":{"line":8,"column":1}},"2":{"start":{"line":10,"column":23},"end":{"line":19,"column":12}},"3":{"start":{"line":10,"column":29},"end":{"line":19,"column":12}},"4":{"start":{"line":10,"column":73},"end":{"line":19,"column":12}},"5":{"start":{"line":17,"column":6},"end":{"line":17,"column":48}},"6":{"start":{"line":21,"column":25},"end":{"line":23,"column":2}},"7":{"start":{"line":21,"column":32},"end":{"line":23,"column":1}},"8":{"start":{"line":25,"column":25},"end":{"line":28,"column":2}},"9":{"start":{"line":25,"column":43},"end":{"line":28,"column":1}}},"fnMap":{"0":{"name":"(anonymous_0)","decl":{"start":{"line":5,"column":24},"end":{"line":5,"column":25}},"loc":{"start":{"line":5,"column":57},"end":{"line":8,"column":1}},"line":5},"1":{"name":"(anonymous_1)","decl":{"start":{"line":10,"column":23},"end":{"line":10,"column":24}},"loc":{"start":{"line":10,"column":29},"end":{"line":19,"column":12}},"line":10},"2":{"name":"(anonymous_2)","decl":{"start":{"line":10,"column":29},"end":{"line":10,"column":30}},"loc":{"start":{"line":10,"column":73},"end":{"line":19,"column":12}},"line":10},"3":{"name":"(anonymous_3)","decl":{"start":{"line":16,"column":10},"end":{"line":16,"column":11}},"loc":{"start":{"line":16,"column":22},"end":{"line":18,"column":5}},"line":16},"4":{"name":"(anonymous_4)","decl":{"start":{"line":21,"column":25},"end":{"line":21,"column":26}},"loc":{"start":{"line":21,"column":32},"end":{"line":23,"column":1}},"line":21},"5":{"name":"(anonymous_5)","decl":{"start":{"line":25,"column":25},"end":{"line":25,"column":26}},"loc":{"start":{"line":25,"column":43},"end":{"line":28,"column":1}},"line":25}},"branchMap":{},"s":{"0":5,"1":2,"2":5,"3":3,"4":1,"5":1,"6":5,"7":2,"8":5,"9":3},"f":{"0":2,"1":3,"2":1,"3":1,"4":2,"5":3},"b":{},"_coverageSchema":"43e27e138ebf9cfc5966b082cf9a028302ed4184","hash":"ca5e4ef9080bc460bfbc6ddf9caa600cb2d75555"}
,"C:\\Users\\User\\Desktop\\gif-picker\\lib\\js\\actions\\settingsActions.js": {"path":"C:\\Users\\User\\Desktop\\gif-picker\\lib\\js\\actions\\settingsActions.js","statementMap":{"0":{"start":{"line":4,"column":23},"end":{"line":7,"column":2}},"1":{"start":{"line":4,"column":44},"end":{"line":7,"column":1}},"2":{"start":{"line":8,"column":34},"end":{"line":11,"column":2}},"3":{"start":{"line":8,"column":59},"end":{"line":11,"column":1}}},"fnMap":{"0":{"name":"(anonymous_0)","decl":{"start":{"line":4,"column":23},"end":{"line":4,"column":24}},"loc":{"start":{"line":4,"column":44},"end":{"line":7,"column":1}},"line":4},"1":{"name":"(anonymous_1)","decl":{"start":{"line":8,"column":34},"end":{"line":8,"column":35}},"loc":{"start":{"line":8,"column":59},"end":{"line":11,"column":1}},"line":8}},"branchMap":{},"s":{"0":1,"1":1,"2":1,"3":1},"f":{"0":1,"1":1},"b":{},"_coverageSchema":"43e27e138ebf9cfc5966b082cf9a028302ed4184","hash":"a76742a803b07e00568143be8ab0244761ba3195"}
,"C:\\Users\\User\\Desktop\\gif-picker\\lib\\js\\actions\\types.js": {"path":"C:\\Users\\User\\Desktop\\gif-picker\\lib\\js\\actions\\types.js","statementMap":{"0":{"start":{"line":2,"column":32},"end":{"line":2,"column":42}},"1":{"start":{"line":3,"column":35},"end":{"line":3,"column":48}},"2":{"start":{"line":4,"column":33},"end":{"line":4,"column":44}},"3":{"start":{"line":5,"column":40},"end":{"line":5,"column":58}},"4":{"start":{"line":6,"column":41},"end":{"line":6,"column":60}},"5":{"start":{"line":7,"column":33},"end":{"line":7,"column":44}},"6":{"start":{"line":8,"column":34},"end":{"line":8,"column":46}},"7":{"start":{"line":9,"column":34},"end":{"line":9,"column":46}}},"fnMap":{},"branchMap":{},"s":{"0":7,"1":7,"2":7,"3":7,"4":7,"5":7,"6":7,"7":7},"f":{},"b":{},"_coverageSchema":"43e27e138ebf9cfc5966b082cf9a028302ed4184","hash":"b3852a6a2de28377d3ac507f5edbf02231621b96"}
,"C:\\Users\\User\\Desktop\\gif-picker\\lib\\js\\components\\ChosenGif.js": {"path":"C:\\Users\\User\\Desktop\\gif-picker\\lib\\js\\components\\ChosenGif.js","statementMap":{"0":{"start":{"line":13,"column":33},"end":{"line":13,"column":43}},"1":{"start":{"line":15,"column":4},"end":{"line":27,"column":6}},"2":{"start":{"line":31,"column":31},"end":{"line":33,"column":2}},"3":{"start":{"line":31,"column":51},"end":{"line":33,"column":1}},"4":{"start":{"line":34,"column":34},"end":{"line":39,"column":2}},"5":{"start":{"line":34,"column":59},"end":{"line":39,"column":1}},"6":{"start":{"line":36,"column":4},"end":{"line":36,"column":23}},"7":{"start":{"line":37,"column":4},"end":{"line":37,"column":28}}},"fnMap":{"0":{"name":"(anonymous_0)","decl":{"start":{"line":12,"column":2},"end":{"line":12,"column":3}},"loc":{"start":{"line":12,"column":11},"end":{"line":28,"column":3}},"line":12},"1":{"name":"(anonymous_1)","decl":{"start":{"line":31,"column":31},"end":{"line":31,"column":32}},"loc":{"start":{"line":31,"column":51},"end":{"line":33,"column":1}},"line":31},"2":{"name":"(anonymous_2)","decl":{"start":{"line":34,"column":34},"end":{"line":34,"column":35}},"loc":{"start":{"line":34,"column":59},"end":{"line":39,"column":1}},"line":34},"3":{"name":"(anonymous_3)","decl":{"start":{"line":35,"column":15},"end":{"line":35,"column":16}},"loc":{"start":{"line":35,"column":30},"end":{"line":38,"column":3}},"line":35}},"branchMap":{"0":{"loc":{"start":{"line":17,"column":9},"end":{"line":25,"column":9}},"type":"cond-expr","locations":[{"start":{"line":18,"column":10},"end":{"line":22,"column":16}},{"start":{"line":24,"column":10},"end":{"line":24,"column":15}}],"line":17}},"s":{"0":4,"1":4,"2":1,"3":1,"4":1,"5":1,"6":1,"7":1},"f":{"0":4,"1":1,"2":1,"3":1},"b":{"0":[4,0]},"_coverageSchema":"43e27e138ebf9cfc5966b082cf9a028302ed4184","hash":"c6837cd3a1556964acc55b700a99297c5d747e85"}
,"C:\\Users\\User\\Desktop\\gif-picker\\lib\\js\\components\\Results.js": {"path":"C:\\Users\\User\\Desktop\\gif-picker\\lib\\js\\components\\Results.js","statementMap":{"0":{"start":{"line":16,"column":43},"end":{"line":16,"column":53}},"1":{"start":{"line":17,"column":4},"end":{"line":44,"column":6}},"2":{"start":{"line":22,"column":14},"end":{"line":37,"column":20}},"3":{"start":{"line":26,"column":20},"end":{"line":26,"column":33}},"4":{"start":{"line":27,"column":20},"end":{"line":27,"column":48}},"5":{"start":{"line":47,"column":31},"end":{"line":50,"column":2}},"6":{"start":{"line":47,"column":51},"end":{"line":50,"column":1}},"7":{"start":{"line":51,"column":34},"end":{"line":59,"column":2}},"8":{"start":{"line":51,"column":59},"end":{"line":59,"column":1}},"9":{"start":{"line":53,"column":4},"end":{"line":53,"column":23}},"10":{"start":{"line":54,"column":4},"end":{"line":54,"column":33}},"11":{"start":{"line":55,"column":4},"end":{"line":55,"column":26}},"12":{"start":{"line":56,"column":4},"end":{"line":56,"column":27}},"13":{"start":{"line":57,"column":4},"end":{"line":57,"column":46}}},"fnMap":{"0":{"name":"(anonymous_0)","decl":{"start":{"line":15,"column":2},"end":{"line":15,"column":3}},"loc":{"start":{"line":15,"column":11},"end":{"line":45,"column":3}},"line":15},"1":{"name":"(anonymous_1)","decl":{"start":{"line":21,"column":25},"end":{"line":21,"column":26}},"loc":{"start":{"line":22,"column":14},"end":{"line":37,"column":20}},"line":22},"2":{"name":"(anonymous_2)","decl":{"start":{"line":25,"column":27},"end":{"line":25,"column":28}},"loc":{"start":{"line":25,"column":32},"end":{"line":28,"column":19}},"line":25},"3":{"name":"(anonymous_3)","decl":{"start":{"line":47,"column":31},"end":{"line":47,"column":32}},"loc":{"start":{"line":47,"column":51},"end":{"line":50,"column":1}},"line":47},"4":{"name":"(anonymous_4)","decl":{"start":{"line":51,"column":34},"end":{"line":51,"column":35}},"loc":{"start":{"line":51,"column":59},"end":{"line":59,"column":1}},"line":51},"5":{"name":"(anonymous_5)","decl":{"start":{"line":52,"column":13},"end":{"line":52,"column":14}},"loc":{"start":{"line":52,"column":28},"end":{"line":58,"column":3}},"line":52}},"branchMap":{"0":{"loc":{"start":{"line":19,"column":9},"end":{"line":42,"column":9}},"type":"cond-expr","locations":[{"start":{"line":20,"column":10},"end":{"line":39,"column":16}},{"start":{"line":41,"column":10},"end":{"line":41,"column":21}}],"line":19}},"s":{"0":2,"1":2,"2":6,"3":1,"4":1,"5":1,"6":1,"7":1,"8":1,"9":1,"10":1,"11":1,"12":1,"13":1},"f":{"0":2,"1":6,"2":1,"3":1,"4":1,"5":1},"b":{"0":[2,0]},"_coverageSchema":"43e27e138ebf9cfc5966b082cf9a028302ed4184","hash":"0d7dde34d123cca5bef632c664d08ce88e163057"}
,"C:\\Users\\User\\Desktop\\gif-picker\\lib\\js\\components\\SearchForm.js": {"path":"C:\\Users\\User\\Desktop\\gif-picker\\lib\\js\\components\\SearchForm.js","statementMap":{"0":{"start":{"line":21,"column":66},"end":{"line":21,"column":76}},"1":{"start":{"line":22,"column":4},"end":{"line":36,"column":6}},"2":{"start":{"line":39,"column":31},"end":{"line":43,"column":2}},"3":{"start":{"line":39,"column":51},"end":{"line":43,"column":1}},"4":{"start":{"line":44,"column":34},"end":{"line":58,"column":2}},"5":{"start":{"line":44,"column":59},"end":{"line":58,"column":1}},"6":{"start":{"line":46,"column":22},"end":{"line":46,"column":30}},"7":{"start":{"line":47,"column":4},"end":{"line":47,"column":30}},"8":{"start":{"line":48,"column":4},"end":{"line":52,"column":5}},"9":{"start":{"line":49,"column":6},"end":{"line":49,"column":33}},"10":{"start":{"line":51,"column":6},"end":{"line":51,"column":35}},"11":{"start":{"line":55,"column":4},"end":{"line":55,"column":23}},"12":{"start":{"line":56,"column":4},"end":{"line":56,"column":24}}},"fnMap":{"0":{"name":"(anonymous_0)","decl":{"start":{"line":20,"column":2},"end":{"line":20,"column":3}},"loc":{"start":{"line":20,"column":11},"end":{"line":37,"column":3}},"line":20},"1":{"name":"(anonymous_1)","decl":{"start":{"line":39,"column":31},"end":{"line":39,"column":32}},"loc":{"start":{"line":39,"column":51},"end":{"line":43,"column":1}},"line":39},"2":{"name":"(anonymous_2)","decl":{"start":{"line":44,"column":34},"end":{"line":44,"column":35}},"loc":{"start":{"line":44,"column":59},"end":{"line":58,"column":1}},"line":44},"3":{"name":"(anonymous_3)","decl":{"start":{"line":45,"column":17},"end":{"line":45,"column":18}},"loc":{"start":{"line":45,"column":32},"end":{"line":53,"column":3}},"line":45},"4":{"name":"(anonymous_4)","decl":{"start":{"line":54,"column":18},"end":{"line":54,"column":19}},"loc":{"start":{"line":54,"column":33},"end":{"line":57,"column":3}},"line":54}},"branchMap":{"0":{"loc":{"start":{"line":24,"column":9},"end":{"line":34,"column":9}},"type":"binary-expr","locations":[{"start":{"line":24,"column":9},"end":{"line":24,"column":22}},{"start":{"line":25,"column":10},"end":{"line":33,"column":17}}],"line":24},"1":{"loc":{"start":{"line":48,"column":4},"end":{"line":52,"column":5}},"type":"if","locations":[{"start":{"line":48,"column":4},"end":{"line":52,"column":5}},{"start":{"line":48,"column":4},"end":{"line":52,"column":5}}],"line":48}},"s":{"0":3,"1":3,"2":1,"3":1,"4":1,"5":3,"6":2,"7":2,"8":2,"9":1,"10":1,"11":1,"12":1},"f":{"0":3,"1":1,"2":3,"3":2,"4":1},"b":{"0":[3,2],"1":[1,1]},"_coverageSchema":"43e27e138ebf9cfc5966b082cf9a028302ed4184","hash":"618f25df291534375494cd98a1a64b77ae5f7f9c"}
,"C:\\Users\\User\\Desktop\\gif-picker\\lib\\js\\components\\Suggestions.js": {"path":"C:\\Users\\User\\Desktop\\gif-picker\\lib\\js\\components\\Suggestions.js","statementMap":{"0":{"start":{"line":15,"column":46},"end":{"line":15,"column":56}},"1":{"start":{"line":17,"column":4},"end":{"line":45,"column":6}},"2":{"start":{"line":22,"column":34},"end":{"line":27,"column":15}},"3":{"start":{"line":28,"column":14},"end":{"line":38,"column":16}},"4":{"start":{"line":48,"column":31},"end":{"line":50,"column":2}},"5":{"start":{"line":48,"column":51},"end":{"line":50,"column":1}},"6":{"start":{"line":51,"column":34},"end":{"line":57,"column":2}},"7":{"start":{"line":51,"column":59},"end":{"line":57,"column":1}},"8":{"start":{"line":53,"column":4},"end":{"line":53,"column":43}},"9":{"start":{"line":54,"column":4},"end":{"line":54,"column":31}},"10":{"start":{"line":55,"column":4},"end":{"line":55,"column":24}}},"fnMap":{"0":{"name":"(anonymous_0)","decl":{"start":{"line":14,"column":2},"end":{"line":14,"column":3}},"loc":{"start":{"line":14,"column":11},"end":{"line":46,"column":3}},"line":14},"1":{"name":"(anonymous_1)","decl":{"start":{"line":21,"column":29},"end":{"line":21,"column":30}},"loc":{"start":{"line":21,"column":40},"end":{"line":39,"column":13}},"line":21},"2":{"name":"(anonymous_2)","decl":{"start":{"line":48,"column":31},"end":{"line":48,"column":32}},"loc":{"start":{"line":48,"column":51},"end":{"line":50,"column":1}},"line":48},"3":{"name":"(anonymous_3)","decl":{"start":{"line":51,"column":34},"end":{"line":51,"column":35}},"loc":{"start":{"line":51,"column":59},"end":{"line":57,"column":1}},"line":51},"4":{"name":"(anonymous_4)","decl":{"start":{"line":52,"column":20},"end":{"line":52,"column":21}},"loc":{"start":{"line":52,"column":35},"end":{"line":56,"column":3}},"line":52}},"branchMap":{"0":{"loc":{"start":{"line":19,"column":9},"end":{"line":43,"column":9}},"type":"cond-expr","locations":[{"start":{"line":20,"column":10},"end":{"line":40,"column":16}},{"start":{"line":42,"column":10},"end":{"line":42,"column":21}}],"line":19}},"s":{"0":2,"1":2,"2":4,"3":4,"4":1,"5":1,"6":1,"7":1,"8":1,"9":1,"10":1},"f":{"0":2,"1":4,"2":1,"3":1,"4":1},"b":{"0":[2,0]},"_coverageSchema":"43e27e138ebf9cfc5966b082cf9a028302ed4184","hash":"5687f60e5e9e98f10473d245ae84e4cd54732af9"}
}
