TN:
SF:C:\Users\User\Desktop\gif-picker\lib\js\actions\formActions.js
FN:4,(anonymous_0)
FN:9,(anonymous_1)
FN:14,(anonymous_2)
FN:18,(anonymous_3)
FN:18,(anonymous_4)
FN:25,(anonymous_5)
FNF:6
FNH:6
FNDA:5,(anonymous_0)
FNDA:2,(anonymous_1)
FNDA:3,(anonymous_2)
FNDA:3,(anonymous_3)
FNDA:1,(anonymous_4)
FNDA:1,(anonymous_5)
DA:4,5
DA:9,4
DA:14,4
DA:18,4
DA:19,1
DA:26,1
LF:6
LH:6
BRF:0
BRH:0
end_of_record
TN:
SF:C:\Users\User\Desktop\gif-picker\lib\js\actions\resultActions.js
FN:5,(anonymous_0)
FN:10,(anonymous_1)
FN:10,(anonymous_2)
FN:16,(anonymous_3)
FN:21,(anonymous_4)
FN:25,(anonymous_5)
FNF:6
FNH:6
FNDA:2,(anonymous_0)
FNDA:3,(anonymous_1)
FNDA:1,(anonymous_2)
FNDA:1,(anonymous_3)
FNDA:2,(anonymous_4)
FNDA:3,(anonymous_5)
DA:5,5
DA:10,5
DA:17,1
DA:21,5
DA:25,5
LF:5
LH:5
BRF:0
BRH:0
end_of_record
TN:
SF:C:\Users\User\Desktop\gif-picker\lib\js\actions\settingsActions.js
FN:4,(anonymous_0)
FN:8,(anonymous_1)
FNF:2
FNH:2
FNDA:1,(anonymous_0)
FNDA:1,(anonymous_1)
DA:4,1
DA:8,1
LF:2
LH:2
BRF:0
BRH:0
end_of_record
TN:
SF:C:\Users\User\Desktop\gif-picker\lib\js\actions\types.js
FNF:0
FNH:0
DA:2,7
DA:3,7
DA:4,7
DA:5,7
DA:6,7
DA:7,7
DA:8,7
DA:9,7
LF:8
LH:8
BRF:0
BRH:0
end_of_record
TN:
SF:C:\Users\User\Desktop\gif-picker\lib\js\components\ChosenGif.js
FN:12,(anonymous_0)
FN:31,(anonymous_1)
FN:34,(anonymous_2)
FN:35,(anonymous_3)
FNF:4
FNH:4
FNDA:4,(anonymous_0)
FNDA:1,(anonymous_1)
FNDA:1,(anonymous_2)
FNDA:1,(anonymous_3)
DA:13,4
DA:15,4
DA:31,1
DA:34,1
DA:36,1
DA:37,1
LF:6
LH:6
BRDA:17,0,0,4
BRDA:17,0,1,0
BRF:2
BRH:1
end_of_record
TN:
SF:C:\Users\User\Desktop\gif-picker\lib\js\components\Results.js
FN:15,(anonymous_0)
FN:21,(anonymous_1)
FN:25,(anonymous_2)
FN:47,(anonymous_3)
FN:51,(anonymous_4)
FN:52,(anonymous_5)
FNF:6
FNH:6
FNDA:2,(anonymous_0)
FNDA:6,(anonymous_1)
FNDA:1,(anonymous_2)
FNDA:1,(anonymous_3)
FNDA:1,(anonymous_4)
FNDA:1,(anonymous_5)
DA:16,2
DA:17,2
DA:22,6
DA:26,1
DA:27,1
DA:47,1
DA:51,1
DA:53,1
DA:54,1
DA:55,1
DA:56,1
DA:57,1
LF:12
LH:12
BRDA:19,0,0,2
BRDA:19,0,1,0
BRF:2
BRH:1
end_of_record
TN:
SF:C:\Users\User\Desktop\gif-picker\lib\js\components\SearchForm.js
FN:20,(anonymous_0)
FN:39,(anonymous_1)
FN:44,(anonymous_2)
FN:45,(anonymous_3)
FN:54,(anonymous_4)
FNF:5
FNH:5
FNDA:3,(anonymous_0)
FNDA:1,(anonymous_1)
FNDA:3,(anonymous_2)
FNDA:2,(anonymous_3)
FNDA:1,(anonymous_4)
DA:21,3
DA:22,3
DA:39,1
DA:44,3
DA:46,2
DA:47,2
DA:48,2
DA:49,1
DA:51,1
DA:55,1
DA:56,1
LF:11
LH:11
BRDA:24,0,0,3
BRDA:24,0,1,2
BRDA:48,1,0,1
BRDA:48,1,1,1
BRF:4
BRH:4
end_of_record
TN:
SF:C:\Users\User\Desktop\gif-picker\lib\js\components\Suggestions.js
FN:14,(anonymous_0)
FN:21,(anonymous_1)
FN:48,(anonymous_2)
FN:51,(anonymous_3)
FN:52,(anonymous_4)
FNF:5
FNH:5
FNDA:2,(anonymous_0)
FNDA:4,(anonymous_1)
FNDA:1,(anonymous_2)
FNDA:1,(anonymous_3)
FNDA:1,(anonymous_4)
DA:15,2
DA:17,2
DA:22,4
DA:28,4
DA:48,1
DA:51,1
DA:53,1
DA:54,1
DA:55,1
LF:9
LH:9
BRDA:19,0,0,2
BRDA:19,0,1,0
BRF:2
BRH:1
end_of_record
