TN:
SF:C:\Users\User\Desktop\gif-picker\lib\js\actions\formActions.js
FN:5,(anonymous_0)
FN:10,(anonymous_1)
FN:15,(anonymous_2)
FN:19,(anonymous_3)
FN:19,(anonymous_4)
FN:29,(anonymous_5)
FNF:6
FNH:3
FNDA:3,(anonymous_0)
FNDA:0,(anonymous_1)
FNDA:1,(anonymous_2)
FNDA:2,(anonymous_3)
FNDA:0,(anonymous_4)
FNDA:0,(anonymous_5)
DA:5,3
DA:10,3
DA:15,3
DA:19,3
DA:23,0
DA:30,0
LF:6
LH:4
BRF:0
BRH:0
end_of_record
TN:
SF:C:\Users\User\Desktop\gif-picker\lib\js\actions\resultActions.js
FN:5,(anonymous_0)
FN:10,(anonymous_1)
FN:10,(anonymous_2)
FN:17,(anonymous_3)
FN:23,(anonymous_4)
FN:27,(anonymous_5)
FNF:6
FNH:3
FNDA:0,(anonymous_0)
FNDA:2,(anonymous_1)
FNDA:0,(anonymous_2)
FNDA:0,(anonymous_3)
FNDA:1,(anonymous_4)
FNDA:2,(anonymous_5)
DA:5,4
DA:10,4
DA:11,0
DA:18,0
DA:23,4
DA:27,4
LF:6
LH:4
BRF:0
BRH:0
end_of_record
TN:
SF:C:\Users\User\Desktop\gif-picker\lib\js\actions\types.js
FNF:0
FNH:0
DA:2,4
DA:3,4
DA:4,4
DA:5,4
DA:6,4
DA:7,4
DA:8,4
LF:7
LH:7
BRF:0
BRH:0
end_of_record
TN:
SF:C:\Users\User\Desktop\gif-picker\lib\js\components\ChosenGif.js
FN:12,(anonymous_0)
FN:31,(anonymous_1)
FN:34,(anonymous_2)
FN:35,(anonymous_3)
FNF:4
FNH:4
FNDA:4,(anonymous_0)
FNDA:1,(anonymous_1)
FNDA:1,(anonymous_2)
FNDA:1,(anonymous_3)
DA:13,4
DA:15,4
DA:31,1
DA:34,1
DA:36,1
DA:37,1
LF:6
LH:6
BRDA:17,0,0,4
BRDA:17,0,1,0
BRF:2
BRH:1
end_of_record
TN:
SF:C:\Users\User\Desktop\gif-picker\lib\js\components\Results.js
FN:14,(anonymous_0)
FN:20,(anonymous_1)
FN:43,(anonymous_2)
FN:46,(anonymous_3)
FN:47,(anonymous_4)
FNF:5
FNH:5
FNDA:2,(anonymous_0)
FNDA:6,(anonymous_1)
FNDA:1,(anonymous_2)
FNDA:1,(anonymous_3)
FNDA:1,(anonymous_4)
DA:15,2
DA:16,2
DA:21,6
DA:43,1
DA:46,1
DA:48,1
DA:49,1
DA:50,1
DA:51,1
DA:52,1
LF:10
LH:10
BRDA:18,0,0,2
BRDA:18,0,1,0
BRF:2
BRH:1
end_of_record
TN:
SF:C:\Users\User\Desktop\gif-picker\lib\js\components\SearchForm.js
FN:20,(anonymous_0)
FN:40,(anonymous_1)
FN:45,(anonymous_2)
FN:46,(anonymous_3)
FN:55,(anonymous_4)
FNF:5
FNH:5
FNDA:3,(anonymous_0)
FNDA:1,(anonymous_1)
FNDA:2,(anonymous_2)
FNDA:1,(anonymous_3)
FNDA:1,(anonymous_4)
DA:21,3
DA:22,3
DA:40,1
DA:45,2
DA:47,1
DA:48,1
DA:49,1
DA:50,1
DA:52,0
DA:56,1
DA:57,1
LF:11
LH:10
BRDA:24,0,0,3
BRDA:24,0,1,2
BRDA:49,1,0,1
BRDA:49,1,1,0
BRF:4
BRH:3
end_of_record
TN:
SF:C:\Users\User\Desktop\gif-picker\lib\js\components\Suggestions.js
FN:15,(anonymous_0)
FN:22,(anonymous_1)
FN:49,(anonymous_2)
FN:52,(anonymous_3)
FN:53,(anonymous_4)
FNF:5
FNH:5
FNDA:2,(anonymous_0)
FNDA:4,(anonymous_1)
FNDA:1,(anonymous_2)
FNDA:1,(anonymous_3)
FNDA:1,(anonymous_4)
DA:16,2
DA:18,2
DA:23,4
DA:29,4
DA:49,1
DA:52,1
DA:54,1
DA:55,1
DA:56,1
LF:9
LH:9
BRDA:20,0,0,2
BRDA:20,0,1,0
BRF:2
BRH:1
end_of_record
